
*** Running vivado
    with args -log DUT_Exp.vds -m64 -product Vivado -mode batch -messageDb vivado.pb -notrace -source DUT_Exp.tcl


ECHO is off.
ECHO is off.

****** Vivado v2023.1 (64-bit)
  **** SW Build 3865809 on Sun May  7 15:05:29 MDT 2023
  **** IP Build 3864474 on Sun May  7 20:36:21 MDT 2023
  **** SharedData Build 3865790 on Sun May 07 13:33:03 MDT 2023
    ** Copyright 1986-2022 Xilinx, Inc. All Rights Reserved.
    ** Copyright 2022-2023 Advanced Micro Devices, Inc. All Rights Reserved.

source DUT_Exp.tcl -notrace
create_project: Time (s): cpu = 00:00:02 ; elapsed = 00:00:06 . Memory (MB): peak = 455.898 ; gain = 160.680
Command: read_checkpoint -auto_incremental -incremental C:/Users/james/ETS/Hiver_2024/ELE739/ELE739-Projet_3/Projet_3/Projet_3.srcs/utils_1/imports/synth_1/DUT_Exp.dcp
INFO: [Vivado 12-5825] Read reference checkpoint from C:/Users/james/ETS/Hiver_2024/ELE739/ELE739-Projet_3/Projet_3/Projet_3.srcs/utils_1/imports/synth_1/DUT_Exp.dcp for incremental synthesis
INFO: [Vivado 12-7989] Please ensure there are no constraint changes
Command: synth_design -top DUT_Exp -part xc7a35tcpg236-1
Starting synth_design
Attempting to get a license for feature 'Synthesis' and/or device 'xc7a35t'
INFO: [Common 17-349] Got license for feature 'Synthesis' and/or device 'xc7a35t'
INFO: [Device 21-403] Loading part xc7a35tcpg236-1
INFO: [Designutils 20-5440] No compile time benefit to using incremental synthesis; A full resynthesis will be run
INFO: [Designutils 20-4379] Flow is switching to default flow due to incremental criteria not met. If you would like to alter this behaviour and have the flow terminate instead, please set the following parameter config_implementation {autoIncr.Synth.RejectBehavior Terminate}
INFO: [Synth 8-7079] Multithreading enabled for synth_design using a maximum of 2 processes.
INFO: [Synth 8-7078] Launching helper process for spawning children vivado processes
INFO: [Synth 8-7075] Helper process launched with PID 21140
---------------------------------------------------------------------------------
Starting RTL Elaboration : Time (s): cpu = 00:00:04 ; elapsed = 00:00:04 . Memory (MB): peak = 1302.336 ; gain = 410.062
---------------------------------------------------------------------------------
INFO: [Synth 8-638] synthesizing module 'DUT_Exp' [C:/Users/james/ETS/Hiver_2024/ELE739/ELE739-Projet_3/Projet_3/Projet_3.srcs/sources_1/new/DUT_Exp.vhd:54]
	Parameter G_H_0 bound to: 10 - type: integer 
	Parameter G_H_1 bound to: 10 - type: integer 
	Parameter G_H_2 bound to: 10 - type: integer 
	Parameter G_H_3 bound to: 10 - type: integer 
	Parameter G_H_4 bound to: 10 - type: integer 
	Parameter G_H_5 bound to: 10 - type: integer 
	Parameter G_H_6 bound to: 10 - type: integer 
	Parameter G_H_7 bound to: 10 - type: integer 
INFO: [Synth 8-3491] module 'FIR_COS' declared at 'C:/Users/james/ETS/Hiver_2024/ELE739/ELE739-Projet_3/Projet_3/Projet_3.srcs/sources_1/new/FIR_COS.vhd:15' bound to instance 'FIR_COS_INST' of component 'FIR_Cos' [C:/Users/james/ETS/Hiver_2024/ELE739/ELE739-Projet_3/Projet_3/Projet_3.srcs/sources_1/new/DUT_Exp.vhd:197]
INFO: [Synth 8-638] synthesizing module 'FIR_COS' [C:/Users/james/ETS/Hiver_2024/ELE739/ELE739-Projet_3/Projet_3/Projet_3.srcs/sources_1/new/FIR_COS.vhd:40]
	Parameter G_H_0 bound to: 10 - type: integer 
	Parameter G_H_1 bound to: 10 - type: integer 
	Parameter G_H_2 bound to: 10 - type: integer 
	Parameter G_H_3 bound to: 10 - type: integer 
	Parameter G_H_4 bound to: 10 - type: integer 
	Parameter G_H_5 bound to: 10 - type: integer 
	Parameter G_H_6 bound to: 10 - type: integer 
	Parameter G_H_7 bound to: 10 - type: integer 
INFO: [Synth 8-256] done synthesizing module 'FIR_COS' (0#1) [C:/Users/james/ETS/Hiver_2024/ELE739/ELE739-Projet_3/Projet_3/Projet_3.srcs/sources_1/new/FIR_COS.vhd:40]
	Parameter G_H_0 bound to: 10 - type: integer 
	Parameter G_H_1 bound to: 10 - type: integer 
	Parameter G_H_2 bound to: 10 - type: integer 
	Parameter G_H_3 bound to: 10 - type: integer 
	Parameter G_H_4 bound to: 10 - type: integer 
	Parameter G_H_5 bound to: 10 - type: integer 
	Parameter G_H_6 bound to: 10 - type: integer 
	Parameter G_H_7 bound to: 10 - type: integer 
INFO: [Synth 8-3491] module 'FIR_Sin' declared at 'C:/Users/james/ETS/Hiver_2024/ELE739/ELE739-Projet_3/Projet_3/Projet_3.srcs/sources_1/new/FIR_Sin.vhd:15' bound to instance 'FIR_SIN_INST' of component 'FIR_Sin' [C:/Users/james/ETS/Hiver_2024/ELE739/ELE739-Projet_3/Projet_3/Projet_3.srcs/sources_1/new/DUT_Exp.vhd:218]
INFO: [Synth 8-638] synthesizing module 'FIR_Sin' [C:/Users/james/ETS/Hiver_2024/ELE739/ELE739-Projet_3/Projet_3/Projet_3.srcs/sources_1/new/FIR_Sin.vhd:41]
	Parameter G_H_0 bound to: 10 - type: integer 
	Parameter G_H_1 bound to: 10 - type: integer 
	Parameter G_H_2 bound to: 10 - type: integer 
	Parameter G_H_3 bound to: 10 - type: integer 
	Parameter G_H_4 bound to: 10 - type: integer 
	Parameter G_H_5 bound to: 10 - type: integer 
	Parameter G_H_6 bound to: 10 - type: integer 
	Parameter G_H_7 bound to: 10 - type: integer 
INFO: [Synth 8-226] default block is never used [C:/Users/james/ETS/Hiver_2024/ELE739/ELE739-Projet_3/Projet_3/Projet_3.srcs/sources_1/new/FIR_Sin.vhd:116]
WARNING: [Synth 8-614] signal 'sin_int' is read in the process but is not in the sensitivity list [C:/Users/james/ETS/Hiver_2024/ELE739/ELE739-Projet_3/Projet_3/Projet_3.srcs/sources_1/new/FIR_Sin.vhd:114]
WARNING: [Synth 8-614] signal 'h_int' is read in the process but is not in the sensitivity list [C:/Users/james/ETS/Hiver_2024/ELE739/ELE739-Projet_3/Projet_3/Projet_3.srcs/sources_1/new/FIR_Sin.vhd:114]
INFO: [Synth 8-256] done synthesizing module 'FIR_Sin' (0#1) [C:/Users/james/ETS/Hiver_2024/ELE739/ELE739-Projet_3/Projet_3/Projet_3.srcs/sources_1/new/FIR_Sin.vhd:41]
	Parameter NB_ECHANTILLON bound to: 16 - type: integer 
	Parameter BIT_WIDTH bound to: 8 - type: integer 
INFO: [Synth 8-3491] module 'Gen_Cos' declared at 'C:/Users/james/ETS/Hiver_2024/ELE739/ELE739-Projet_3/Projet_3/Projet_3.srcs/sources_1/new/Gen_Cos.vhd:15' bound to instance 'Gen_Cos_INST' of component 'Gen_Cos' [C:/Users/james/ETS/Hiver_2024/ELE739/ELE739-Projet_3/Projet_3/Projet_3.srcs/sources_1/new/DUT_Exp.vhd:241]
INFO: [Synth 8-638] synthesizing module 'Gen_Cos' [C:/Users/james/ETS/Hiver_2024/ELE739/ELE739-Projet_3/Projet_3/Projet_3.srcs/sources_1/new/Gen_Cos.vhd:30]
	Parameter NB_ECHANTILLON bound to: 16 - type: integer 
	Parameter BIT_WIDTH bound to: 8 - type: integer 
INFO: [Synth 8-256] done synthesizing module 'Gen_Cos' (0#1) [C:/Users/james/ETS/Hiver_2024/ELE739/ELE739-Projet_3/Projet_3/Projet_3.srcs/sources_1/new/Gen_Cos.vhd:30]
	Parameter NB_ECHANTILLON bound to: 16 - type: integer 
	Parameter BIT_WIDTH bound to: 8 - type: integer 
INFO: [Synth 8-3491] module 'Gen_Sin' declared at 'C:/Users/james/ETS/Hiver_2024/ELE739/ELE739-Projet_3/Projet_3/Projet_3.srcs/sources_1/new/Gen_Sin.vhd:15' bound to instance 'Gen_Sin_INST' of component 'Gen_Sin' [C:/Users/james/ETS/Hiver_2024/ELE739/ELE739-Projet_3/Projet_3/Projet_3.srcs/sources_1/new/DUT_Exp.vhd:255]
INFO: [Synth 8-638] synthesizing module 'Gen_Sin' [C:/Users/james/ETS/Hiver_2024/ELE739/ELE739-Projet_3/Projet_3/Projet_3.srcs/sources_1/new/Gen_Sin.vhd:30]
	Parameter NB_ECHANTILLON bound to: 16 - type: integer 
	Parameter BIT_WIDTH bound to: 8 - type: integer 
INFO: [Synth 8-256] done synthesizing module 'Gen_Sin' (0#1) [C:/Users/james/ETS/Hiver_2024/ELE739/ELE739-Projet_3/Projet_3/Projet_3.srcs/sources_1/new/Gen_Sin.vhd:30]
	Parameter BIT_WIDTH bound to: 8 - type: integer 
	Parameter BUS_SIZE bound to: 16 - type: integer 
INFO: [Synth 8-3491] module 'Mux' declared at 'C:/Users/james/ETS/Hiver_2024/ELE739/ELE739-Projet_3/Projet_3/Projet_3.srcs/sources_1/imports/Projet_2_Apres_Demo/Mux.vhd:15' bound to instance 'Mux_INST' of component 'Mux' [C:/Users/james/ETS/Hiver_2024/ELE739/ELE739-Projet_3/Projet_3/Projet_3.srcs/sources_1/new/DUT_Exp.vhd:269]
INFO: [Synth 8-638] synthesizing module 'Mux' [C:/Users/james/ETS/Hiver_2024/ELE739/ELE739-Projet_3/Projet_3/Projet_3.srcs/sources_1/imports/Projet_2_Apres_Demo/Mux.vhd:34]
	Parameter BIT_WIDTH bound to: 8 - type: integer 
	Parameter BUS_SIZE bound to: 16 - type: integer 
INFO: [Synth 8-226] default block is never used [C:/Users/james/ETS/Hiver_2024/ELE739/ELE739-Projet_3/Projet_3/Projet_3.srcs/sources_1/imports/Projet_2_Apres_Demo/Mux.vhd:75]
INFO: [Synth 8-256] done synthesizing module 'Mux' (0#1) [C:/Users/james/ETS/Hiver_2024/ELE739/ELE739-Projet_3/Projet_3/Projet_3.srcs/sources_1/imports/Projet_2_Apres_Demo/Mux.vhd:34]
INFO: [Synth 8-3491] module 'MMCM' declared at 'c:/Users/james/ETS/Hiver_2024/ELE739/ELE739-Projet_3/Projet_3/Projet_3.gen/sources_1/ip/MMCM/MMCM.v:69' bound to instance 'MMCM_INST' of component 'MMCM' [C:/Users/james/ETS/Hiver_2024/ELE739/ELE739-Projet_3/Projet_3/Projet_3.srcs/sources_1/new/DUT_Exp.vhd:287]
INFO: [Synth 8-6157] synthesizing module 'MMCM' [c:/Users/james/ETS/Hiver_2024/ELE739/ELE739-Projet_3/Projet_3/Projet_3.gen/sources_1/ip/MMCM/MMCM.v:69]
INFO: [Synth 8-6157] synthesizing module 'MMCM_clk_wiz' [c:/Users/james/ETS/Hiver_2024/ELE739/ELE739-Projet_3/Projet_3/Projet_3.gen/sources_1/ip/MMCM/MMCM_clk_wiz.v:69]
INFO: [Synth 8-6157] synthesizing module 'IBUF' [C:/Xilinx/Vivado/2023.1/scripts/rt/data/unisim_comp.v:71768]
INFO: [Synth 8-6155] done synthesizing module 'IBUF' (0#1) [C:/Xilinx/Vivado/2023.1/scripts/rt/data/unisim_comp.v:71768]
INFO: [Synth 8-6157] synthesizing module 'MMCME2_ADV' [C:/Xilinx/Vivado/2023.1/scripts/rt/data/unisim_comp.v:80311]
	Parameter BANDWIDTH bound to: OPTIMIZED - type: string 
	Parameter CLKFBOUT_MULT_F bound to: 10.000000 - type: double 
	Parameter CLKFBOUT_PHASE bound to: 0.000000 - type: double 
	Parameter CLKFBOUT_USE_FINE_PS bound to: FALSE - type: string 
	Parameter CLKIN1_PERIOD bound to: 10.000000 - type: double 
	Parameter CLKOUT0_DIVIDE_F bound to: 10.000000 - type: double 
	Parameter CLKOUT0_DUTY_CYCLE bound to: 0.500000 - type: double 
	Parameter CLKOUT0_PHASE bound to: 0.000000 - type: double 
	Parameter CLKOUT0_USE_FINE_PS bound to: FALSE - type: string 
	Parameter CLKOUT1_DIVIDE bound to: 80 - type: integer 
	Parameter CLKOUT1_DUTY_CYCLE bound to: 0.500000 - type: double 
	Parameter CLKOUT1_PHASE bound to: 0.000000 - type: double 
	Parameter CLKOUT1_USE_FINE_PS bound to: FALSE - type: string 
	Parameter CLKOUT4_CASCADE bound to: FALSE - type: string 
	Parameter COMPENSATION bound to: ZHOLD - type: string 
	Parameter DIVCLK_DIVIDE bound to: 1 - type: integer 
	Parameter STARTUP_WAIT bound to: FALSE - type: string 
INFO: [Synth 8-6155] done synthesizing module 'MMCME2_ADV' (0#1) [C:/Xilinx/Vivado/2023.1/scripts/rt/data/unisim_comp.v:80311]
INFO: [Synth 8-6157] synthesizing module 'BUFG' [C:/Xilinx/Vivado/2023.1/scripts/rt/data/unisim_comp.v:1519]
INFO: [Synth 8-6155] done synthesizing module 'BUFG' (0#1) [C:/Xilinx/Vivado/2023.1/scripts/rt/data/unisim_comp.v:1519]
INFO: [Synth 8-6155] done synthesizing module 'MMCM_clk_wiz' (0#1) [c:/Users/james/ETS/Hiver_2024/ELE739/ELE739-Projet_3/Projet_3/Projet_3.gen/sources_1/ip/MMCM/MMCM_clk_wiz.v:69]
INFO: [Synth 8-6155] done synthesizing module 'MMCM' (0#1) [c:/Users/james/ETS/Hiver_2024/ELE739/ELE739-Projet_3/Projet_3/Projet_3.gen/sources_1/ip/MMCM/MMCM.v:69]
INFO: [Synth 8-3491] module 'ila_0' declared at 'C:/Users/james/ETS/Hiver_2024/ELE739/ELE739-Projet_3/Projet_3/Projet_3.runs/synth_1/.Xil/Vivado-20524-LAPTOP-UPJBM0EE/realtime/ila_0_stub.v:6' bound to instance 'ILA_INST' of component 'ila_0' [C:/Users/james/ETS/Hiver_2024/ELE739/ELE739-Projet_3/Projet_3/Projet_3.srcs/sources_1/new/DUT_Exp.vhd:296]
INFO: [Synth 8-6157] synthesizing module 'ila_0' [C:/Users/james/ETS/Hiver_2024/ELE739/ELE739-Projet_3/Projet_3/Projet_3.runs/synth_1/.Xil/Vivado-20524-LAPTOP-UPJBM0EE/realtime/ila_0_stub.v:6]
INFO: [Synth 8-6155] done synthesizing module 'ila_0' (0#1) [C:/Users/james/ETS/Hiver_2024/ELE739/ELE739-Projet_3/Projet_3/Projet_3.runs/synth_1/.Xil/Vivado-20524-LAPTOP-UPJBM0EE/realtime/ila_0_stub.v:6]
INFO: [Synth 8-256] done synthesizing module 'DUT_Exp' (0#1) [C:/Users/james/ETS/Hiver_2024/ELE739/ELE739-Projet_3/Projet_3/Projet_3.srcs/sources_1/new/DUT_Exp.vhd:54]
WARNING: [Synth 8-6014] Unused sequential element cos_int_reg[0] was removed.  [C:/Users/james/ETS/Hiver_2024/ELE739/ELE739-Projet_3/Projet_3/Projet_3.srcs/sources_1/new/FIR_COS.vhd:81]
INFO: [Synth 8-6071] Mark debug on the nets applies keep_hierarchy on instance 'ILA_INST'. This will prevent further optimization [C:/Users/james/ETS/Hiver_2024/ELE739/ELE739-Projet_3/Projet_3/Projet_3.srcs/sources_1/new/DUT_Exp.vhd:296]
INFO: [Synth 8-6071] Mark debug on the nets applies keep_hierarchy on instance 'MMCM_INST'. This will prevent further optimization [C:/Users/james/ETS/Hiver_2024/ELE739/ELE739-Projet_3/Projet_3/Projet_3.srcs/sources_1/new/DUT_Exp.vhd:287]
INFO: [Synth 8-6071] Mark debug on the nets applies keep_hierarchy on instance 'Mux_INST'. This will prevent further optimization [C:/Users/james/ETS/Hiver_2024/ELE739/ELE739-Projet_3/Projet_3/Projet_3.srcs/sources_1/new/DUT_Exp.vhd:269]
INFO: [Synth 8-6071] Mark debug on the nets applies keep_hierarchy on instance 'Gen_Sin_INST'. This will prevent further optimization [C:/Users/james/ETS/Hiver_2024/ELE739/ELE739-Projet_3/Projet_3/Projet_3.srcs/sources_1/new/DUT_Exp.vhd:255]
INFO: [Synth 8-6071] Mark debug on the nets applies keep_hierarchy on instance 'Gen_Cos_INST'. This will prevent further optimization [C:/Users/james/ETS/Hiver_2024/ELE739/ELE739-Projet_3/Projet_3/Projet_3.srcs/sources_1/new/DUT_Exp.vhd:241]
INFO: [Synth 8-6071] Mark debug on the nets applies keep_hierarchy on instance 'FIR_SIN_INST'. This will prevent further optimization [C:/Users/james/ETS/Hiver_2024/ELE739/ELE739-Projet_3/Projet_3/Projet_3.srcs/sources_1/new/DUT_Exp.vhd:218]
INFO: [Synth 8-6071] Mark debug on the nets applies keep_hierarchy on instance 'FIR_COS_INST'. This will prevent further optimization [C:/Users/james/ETS/Hiver_2024/ELE739/ELE739-Projet_3/Projet_3/Projet_3.srcs/sources_1/new/DUT_Exp.vhd:197]
---------------------------------------------------------------------------------
Finished RTL Elaboration : Time (s): cpu = 00:00:05 ; elapsed = 00:00:05 . Memory (MB): peak = 1400.039 ; gain = 507.766
---------------------------------------------------------------------------------
---------------------------------------------------------------------------------
Start Handling Custom Attributes
---------------------------------------------------------------------------------
---------------------------------------------------------------------------------
Finished Handling Custom Attributes : Time (s): cpu = 00:00:05 ; elapsed = 00:00:05 . Memory (MB): peak = 1400.039 ; gain = 507.766
---------------------------------------------------------------------------------
---------------------------------------------------------------------------------
Finished RTL Optimization Phase 1 : Time (s): cpu = 00:00:05 ; elapsed = 00:00:05 . Memory (MB): peak = 1400.039 ; gain = 507.766
---------------------------------------------------------------------------------
Netlist sorting complete. Time (s): cpu = 00:00:00 ; elapsed = 00:00:00.005 . Memory (MB): peak = 1400.039 ; gain = 0.000
INFO: [Netlist 29-17] Analyzing 1 Unisim elements for replacement
INFO: [Netlist 29-28] Unisim Transformation completed in 0 CPU seconds
INFO: [Project 1-570] Preparing netlist for logic optimization

Processing XDC Constraints
Initializing timing engine
Parsing XDC File [c:/Users/james/ETS/Hiver_2024/ELE739/ELE739-Projet_3/Projet_3/Projet_3.gen/sources_1/ip/ila_0/ila_0/ila_0_in_context.xdc] for cell 'ILA_INST'
Finished Parsing XDC File [c:/Users/james/ETS/Hiver_2024/ELE739/ELE739-Projet_3/Projet_3/Projet_3.gen/sources_1/ip/ila_0/ila_0/ila_0_in_context.xdc] for cell 'ILA_INST'
Parsing XDC File [c:/Users/james/ETS/Hiver_2024/ELE739/ELE739-Projet_3/Projet_3/Projet_3.gen/sources_1/ip/MMCM/MMCM_board.xdc] for cell 'MMCM_INST/inst'
Finished Parsing XDC File [c:/Users/james/ETS/Hiver_2024/ELE739/ELE739-Projet_3/Projet_3/Projet_3.gen/sources_1/ip/MMCM/MMCM_board.xdc] for cell 'MMCM_INST/inst'
Parsing XDC File [c:/Users/james/ETS/Hiver_2024/ELE739/ELE739-Projet_3/Projet_3/Projet_3.gen/sources_1/ip/MMCM/MMCM.xdc] for cell 'MMCM_INST/inst'
Finished Parsing XDC File [c:/Users/james/ETS/Hiver_2024/ELE739/ELE739-Projet_3/Projet_3/Projet_3.gen/sources_1/ip/MMCM/MMCM.xdc] for cell 'MMCM_INST/inst'
INFO: [Project 1-236] Implementation specific constraints were found while reading constraint file [c:/Users/james/ETS/Hiver_2024/ELE739/ELE739-Projet_3/Projet_3/Projet_3.gen/sources_1/ip/MMCM/MMCM.xdc]. These constraints will be ignored for synthesis but will be used in implementation. Impacted constraints are listed in the file [.Xil/DUT_Exp_propImpl.xdc].
Resolution: To avoid this warning, move constraints listed in [.Xil/DUT_Exp_propImpl.xdc] to another XDC file and exclude this new file from synthesis with the used_in_synthesis property (File Properties dialog in GUI) and re-run elaboration/synthesis.
INFO: [Timing 38-2] Deriving generated clocks
Parsing XDC File [C:/Users/james/ETS/Hiver_2024/ELE739/ELE739-Projet_3/Projet_3/Projet_3.srcs/constrs_1/imports/new/Basys_3.xdc]
WARNING: [Vivado 12-584] No ports matched 'clk'. [C:/Users/james/ETS/Hiver_2024/ELE739/ELE739-Projet_3/Projet_3/Projet_3.srcs/constrs_1/imports/new/Basys_3.xdc:7]
WARNING: [Vivado 12-584] No ports matched 'clk'. [C:/Users/james/ETS/Hiver_2024/ELE739/ELE739-Projet_3/Projet_3/Projet_3.srcs/constrs_1/imports/new/Basys_3.xdc:8]
Finished Parsing XDC File [C:/Users/james/ETS/Hiver_2024/ELE739/ELE739-Projet_3/Projet_3/Projet_3.srcs/constrs_1/imports/new/Basys_3.xdc]
WARNING: [Project 1-498] One or more constraints failed evaluation while reading constraint file [C:/Users/james/ETS/Hiver_2024/ELE739/ELE739-Projet_3/Projet_3/Projet_3.srcs/constrs_1/imports/new/Basys_3.xdc] and the design contains unresolved black boxes. These constraints will be read post-synthesis (as long as their source constraint file is marked as used_in_implementation) and should be applied correctly then. You should review the constraints listed in the file [.Xil/DUT_Exp_propImpl.xdc] and check the run log file to verify that these constraints were correctly applied.
INFO: [Project 1-236] Implementation specific constraints were found while reading constraint file [C:/Users/james/ETS/Hiver_2024/ELE739/ELE739-Projet_3/Projet_3/Projet_3.srcs/constrs_1/imports/new/Basys_3.xdc]. These constraints will be ignored for synthesis but will be used in implementation. Impacted constraints are listed in the file [.Xil/DUT_Exp_propImpl.xdc].
Resolution: To avoid this warning, move constraints listed in [.Xil/DUT_Exp_propImpl.xdc] to another XDC file and exclude this new file from synthesis with the used_in_synthesis property (File Properties dialog in GUI) and re-run elaboration/synthesis.
Parsing XDC File [C:/Users/james/ETS/Hiver_2024/ELE739/ELE739-Projet_3/Projet_3/Projet_3.runs/synth_1/dont_touch.xdc]
Finished Parsing XDC File [C:/Users/james/ETS/Hiver_2024/ELE739/ELE739-Projet_3/Projet_3/Projet_3.runs/synth_1/dont_touch.xdc]
INFO: [Project 1-236] Implementation specific constraints were found while reading constraint file [C:/Users/james/ETS/Hiver_2024/ELE739/ELE739-Projet_3/Projet_3/Projet_3.runs/synth_1/dont_touch.xdc]. These constraints will be ignored for synthesis but will be used in implementation. Impacted constraints are listed in the file [.Xil/DUT_Exp_propImpl.xdc].
Resolution: To avoid this warning, move constraints listed in [.Xil/DUT_Exp_propImpl.xdc] to another XDC file and exclude this new file from synthesis with the used_in_synthesis property (File Properties dialog in GUI) and re-run elaboration/synthesis.
Completed Processing XDC Constraints

Netlist sorting complete. Time (s): cpu = 00:00:00 ; elapsed = 00:00:00 . Memory (MB): peak = 1456.676 ; gain = 0.000
INFO: [Project 1-111] Unisim Transformation Summary:
No Unisim elements were transformed.

Constraint Validation Runtime : Time (s): cpu = 00:00:00 ; elapsed = 00:00:00.005 . Memory (MB): peak = 1456.676 ; gain = 0.000
INFO: [Designutils 20-5440] No compile time benefit to using incremental synthesis; A full resynthesis will be run
INFO: [Designutils 20-4379] Flow is switching to default flow due to incremental criteria not met. If you would like to alter this behaviour and have the flow terminate instead, please set the following parameter config_implementation {autoIncr.Synth.RejectBehavior Terminate}
---------------------------------------------------------------------------------
Finished Constraint Validation : Time (s): cpu = 00:00:10 ; elapsed = 00:00:11 . Memory (MB): peak = 1456.676 ; gain = 564.402
---------------------------------------------------------------------------------
---------------------------------------------------------------------------------
Start Loading Part and Timing Information
---------------------------------------------------------------------------------
Loading part: xc7a35tcpg236-1
---------------------------------------------------------------------------------
Finished Loading Part and Timing Information : Time (s): cpu = 00:00:10 ; elapsed = 00:00:11 . Memory (MB): peak = 1456.676 ; gain = 564.402
---------------------------------------------------------------------------------
---------------------------------------------------------------------------------
Start Applying 'set_property' XDC Constraints
---------------------------------------------------------------------------------
Applied set_property KEEP_HIERARCHY = SOFT for MMCM_INST/inst. (constraint file  C:/Users/james/ETS/Hiver_2024/ELE739/ELE739-Projet_3/Projet_3/Projet_3.runs/synth_1/dont_touch.xdc, line 10).
Applied set_property KEEP_HIERARCHY = SOFT for MMCM_INST. (constraint file  auto generated constraint).
Applied set_property KEEP_HIERARCHY = SOFT for ILA_INST. (constraint file  auto generated constraint).
---------------------------------------------------------------------------------
Finished applying 'set_property' XDC Constraints : Time (s): cpu = 00:00:10 ; elapsed = 00:00:11 . Memory (MB): peak = 1456.676 ; gain = 564.402
---------------------------------------------------------------------------------
---------------------------------------------------------------------------------
Finished RTL Optimization Phase 2 : Time (s): cpu = 00:00:10 ; elapsed = 00:00:11 . Memory (MB): peak = 1456.676 ; gain = 564.402
---------------------------------------------------------------------------------
---------------------------------------------------------------------------------
Start RTL Component Statistics 
---------------------------------------------------------------------------------
Detailed RTL Component Info : 
+---Adders : 
	   2 Input    4 Bit       Adders := 2     
	   2 Input    3 Bit       Adders := 1     
+---XORs : 
	   2 Input      1 Bit         XORs := 2     
+---Registers : 
	               16 Bit    Registers := 3     
	                8 Bit    Registers := 11    
	                4 Bit    Registers := 2     
	                3 Bit    Registers := 1     
	                2 Bit    Registers := 2     
	                1 Bit    Registers := 2     
+---Muxes : 
	   4 Input   16 Bit        Muxes := 1     
---------------------------------------------------------------------------------
Finished RTL Component Statistics 
---------------------------------------------------------------------------------
---------------------------------------------------------------------------------
Start Part Resource Summary
---------------------------------------------------------------------------------
Part Resources:
DSPs: 90 (col length:60)
BRAMs: 100 (col length: RAMB18 60 RAMB36 30)
---------------------------------------------------------------------------------
Finished Part Resource Summary
---------------------------------------------------------------------------------
---------------------------------------------------------------------------------
Start Cross Boundary and Area Optimization
---------------------------------------------------------------------------------
WARNING: [Synth 8-7080] Parallel synthesis criteria is not met
DSP Report: Generating DSP add_int_reg[7], operation Mode is: (A2*(B:0xa))'.
DSP Report: register cos_int_reg[15] is absorbed into DSP add_int_reg[7].
DSP Report: register add_int_reg[7] is absorbed into DSP add_int_reg[7].
DSP Report: register mult_int_reg[0] is absorbed into DSP add_int_reg[7].
DSP Report: operator ARG is absorbed into DSP add_int_reg[7].
DSP Report: Generating DSP add_int_reg[6], operation Mode is: (PCIN+(ACIN''*(B:0xa))')'.
DSP Report: register cos_int_reg[14] is absorbed into DSP add_int_reg[6].
DSP Report: register cos_int_reg[13] is absorbed into DSP add_int_reg[6].
DSP Report: register add_int_reg[6] is absorbed into DSP add_int_reg[6].
DSP Report: register mult_int_reg[1] is absorbed into DSP add_int_reg[6].
DSP Report: operator add_int_reg[6]0 is absorbed into DSP add_int_reg[6].
DSP Report: operator ARG is absorbed into DSP add_int_reg[6].
DSP Report: Generating DSP add_int_reg[5], operation Mode is: (PCIN+(ACIN''*(B:0xa))')'.
DSP Report: register cos_int_reg[12] is absorbed into DSP add_int_reg[5].
DSP Report: register cos_int_reg[11] is absorbed into DSP add_int_reg[5].
DSP Report: register add_int_reg[5] is absorbed into DSP add_int_reg[5].
DSP Report: register mult_int_reg[2] is absorbed into DSP add_int_reg[5].
DSP Report: operator add_int_reg[5]0 is absorbed into DSP add_int_reg[5].
DSP Report: operator ARG is absorbed into DSP add_int_reg[5].
DSP Report: Generating DSP add_int_reg[4], operation Mode is: (PCIN+(ACIN''*(B:0xa))')'.
DSP Report: register cos_int_reg[10] is absorbed into DSP add_int_reg[4].
DSP Report: register cos_int_reg[9] is absorbed into DSP add_int_reg[4].
DSP Report: register add_int_reg[4] is absorbed into DSP add_int_reg[4].
DSP Report: register mult_int_reg[3] is absorbed into DSP add_int_reg[4].
DSP Report: operator add_int_reg[4]0 is absorbed into DSP add_int_reg[4].
DSP Report: operator ARG is absorbed into DSP add_int_reg[4].
DSP Report: Generating DSP add_int_reg[3], operation Mode is: (PCIN+(ACIN''*(B:0xa))')'.
DSP Report: register cos_int_reg[8] is absorbed into DSP add_int_reg[3].
DSP Report: register cos_int_reg[7] is absorbed into DSP add_int_reg[3].
DSP Report: register add_int_reg[3] is absorbed into DSP add_int_reg[3].
DSP Report: register mult_int_reg[4] is absorbed into DSP add_int_reg[3].
DSP Report: operator add_int_reg[3]0 is absorbed into DSP add_int_reg[3].
DSP Report: operator ARG is absorbed into DSP add_int_reg[3].
DSP Report: Generating DSP add_int_reg[2], operation Mode is: (PCIN+(ACIN''*(B:0xa))')'.
DSP Report: register cos_int_reg[6] is absorbed into DSP add_int_reg[2].
DSP Report: register cos_int_reg[5] is absorbed into DSP add_int_reg[2].
DSP Report: register add_int_reg[2] is absorbed into DSP add_int_reg[2].
DSP Report: register mult_int_reg[5] is absorbed into DSP add_int_reg[2].
DSP Report: operator add_int_reg[2]0 is absorbed into DSP add_int_reg[2].
DSP Report: operator ARG is absorbed into DSP add_int_reg[2].
DSP Report: Generating DSP add_int_reg[1], operation Mode is: (PCIN+(ACIN''*(B:0xa))')'.
DSP Report: register cos_int_reg[4] is absorbed into DSP add_int_reg[1].
DSP Report: register cos_int_reg[3] is absorbed into DSP add_int_reg[1].
DSP Report: register add_int_reg[1] is absorbed into DSP add_int_reg[1].
DSP Report: register mult_int_reg[6] is absorbed into DSP add_int_reg[1].
DSP Report: operator add_int_reg[1]0 is absorbed into DSP add_int_reg[1].
DSP Report: operator ARG is absorbed into DSP add_int_reg[1].
DSP Report: Generating DSP add_int_reg[0], operation Mode is: (PCIN+(ACIN''*(B:0xa))')'.
DSP Report: register cos_int_reg[2] is absorbed into DSP add_int_reg[0].
DSP Report: register cos_int_reg[1] is absorbed into DSP add_int_reg[0].
DSP Report: register add_int_reg[0] is absorbed into DSP add_int_reg[0].
DSP Report: register mult_int_reg[7] is absorbed into DSP add_int_reg[0].
DSP Report: operator add_int_reg[0]0 is absorbed into DSP add_int_reg[0].
DSP Report: operator ARG is absorbed into DSP add_int_reg[0].
---------------------------------------------------------------------------------
Finished Cross Boundary and Area Optimization : Time (s): cpu = 00:00:12 ; elapsed = 00:00:13 . Memory (MB): peak = 1456.676 ; gain = 564.402
---------------------------------------------------------------------------------
---------------------------------------------------------------------------------
Start ROM, RAM, DSP, Shift Register and Retiming Reporting
---------------------------------------------------------------------------------

DSP: Preliminary Mapping Report (see note below. The ' indicates corresponding REG is set)
+------------+---------------------------+--------+--------+--------+--------+--------+------+------+------+------+-------+------+------+
|Module Name | DSP Mapping               | A Size | B Size | C Size | D Size | P Size | AREG | BREG | CREG | DREG | ADREG | MREG | PREG | 
+------------+---------------------------+--------+--------+--------+--------+--------+------+------+------+------+-------+------+------+
|FIR_COS     | (A2*(B:0xa))'             | 8      | 5      | -      | -      | 13     | 1    | 0    | -    | -    | -     | 1    | 1    | 
|FIR_COS     | (PCIN+(ACIN''*(B:0xa))')' | 8      | 5      | -      | -      | 16     | 2    | 0    | -    | -    | -     | 1    | 1    | 
|FIR_COS     | (PCIN+(ACIN''*(B:0xa))')' | 8      | 5      | -      | -      | 16     | 2    | 0    | -    | -    | -     | 1    | 1    | 
|FIR_COS     | (PCIN+(ACIN''*(B:0xa))')' | 8      | 5      | -      | -      | 16     | 2    | 0    | -    | -    | -     | 1    | 1    | 
|FIR_COS     | (PCIN+(ACIN''*(B:0xa))')' | 8      | 5      | -      | -      | 16     | 2    | 0    | -    | -    | -     | 1    | 1    | 
|FIR_COS     | (PCIN+(ACIN''*(B:0xa))')' | 8      | 5      | -      | -      | 16     | 2    | 0    | -    | -    | -     | 1    | 1    | 
|FIR_COS     | (PCIN+(ACIN''*(B:0xa))')' | 8      | 5      | -      | -      | 16     | 2    | 0    | -    | -    | -     | 1    | 1    | 
|FIR_COS     | (PCIN+(ACIN''*(B:0xa))')' | 8      | 5      | -      | -      | 16     | 2    | 0    | -    | -    | -     | 1    | 1    | 
+------------+---------------------------+--------+--------+--------+--------+--------+------+------+------+------+-------+------+------+

Note: The table above is a preliminary report that shows the DSPs inferred at the current stage of the synthesis flow. Some DSP may be reimplemented as non DSP primitives later in the synthesis flow. Multiple instantiated DSPs are reported only once.
---------------------------------------------------------------------------------
Finished ROM, RAM, DSP, Shift Register and Retiming Reporting
---------------------------------------------------------------------------------
---------------------------------------------------------------------------------
Start Applying XDC Timing Constraints
---------------------------------------------------------------------------------
---------------------------------------------------------------------------------
Finished Applying XDC Timing Constraints : Time (s): cpu = 00:00:18 ; elapsed = 00:00:19 . Memory (MB): peak = 1456.676 ; gain = 564.402
---------------------------------------------------------------------------------
---------------------------------------------------------------------------------
Start Timing Optimization
---------------------------------------------------------------------------------
---------------------------------------------------------------------------------
Finished Timing Optimization : Time (s): cpu = 00:00:18 ; elapsed = 00:00:19 . Memory (MB): peak = 1456.676 ; gain = 564.402
---------------------------------------------------------------------------------
---------------------------------------------------------------------------------
Start Technology Mapping
---------------------------------------------------------------------------------
---------------------------------------------------------------------------------
Finished Technology Mapping : Time (s): cpu = 00:00:18 ; elapsed = 00:00:19 . Memory (MB): peak = 1456.676 ; gain = 564.402
---------------------------------------------------------------------------------
---------------------------------------------------------------------------------
Start IO Insertion
---------------------------------------------------------------------------------
---------------------------------------------------------------------------------
Start Flattening Before IO Insertion
---------------------------------------------------------------------------------
---------------------------------------------------------------------------------
Finished Flattening Before IO Insertion
---------------------------------------------------------------------------------
---------------------------------------------------------------------------------
Start Final Netlist Cleanup
---------------------------------------------------------------------------------
---------------------------------------------------------------------------------
Finished Final Netlist Cleanup
---------------------------------------------------------------------------------
---------------------------------------------------------------------------------
Finished IO Insertion : Time (s): cpu = 00:00:21 ; elapsed = 00:00:22 . Memory (MB): peak = 1456.676 ; gain = 564.402
---------------------------------------------------------------------------------
---------------------------------------------------------------------------------
Start Renaming Generated Instances
---------------------------------------------------------------------------------
---------------------------------------------------------------------------------
Finished Renaming Generated Instances : Time (s): cpu = 00:00:21 ; elapsed = 00:00:22 . Memory (MB): peak = 1456.676 ; gain = 564.402
---------------------------------------------------------------------------------
---------------------------------------------------------------------------------
Start Rebuilding User Hierarchy
---------------------------------------------------------------------------------
---------------------------------------------------------------------------------
Finished Rebuilding User Hierarchy : Time (s): cpu = 00:00:21 ; elapsed = 00:00:22 . Memory (MB): peak = 1456.676 ; gain = 564.402
---------------------------------------------------------------------------------
---------------------------------------------------------------------------------
Start Renaming Generated Ports
---------------------------------------------------------------------------------
---------------------------------------------------------------------------------
Finished Renaming Generated Ports : Time (s): cpu = 00:00:21 ; elapsed = 00:00:22 . Memory (MB): peak = 1456.676 ; gain = 564.402
---------------------------------------------------------------------------------
---------------------------------------------------------------------------------
Start Handling Custom Attributes
---------------------------------------------------------------------------------
---------------------------------------------------------------------------------
Finished Handling Custom Attributes : Time (s): cpu = 00:00:21 ; elapsed = 00:00:22 . Memory (MB): peak = 1456.676 ; gain = 564.402
---------------------------------------------------------------------------------
---------------------------------------------------------------------------------
Start Renaming Generated Nets
---------------------------------------------------------------------------------
---------------------------------------------------------------------------------
Finished Renaming Generated Nets : Time (s): cpu = 00:00:21 ; elapsed = 00:00:22 . Memory (MB): peak = 1456.676 ; gain = 564.402
---------------------------------------------------------------------------------
---------------------------------------------------------------------------------
Start Writing Synthesis Report
---------------------------------------------------------------------------------

DSP Final Report (the ' indicates corresponding REG is set)
+------------+------------------+--------+--------+--------+--------+--------+------+------+------+------+-------+------+------+
|Module Name | DSP Mapping      | A Size | B Size | C Size | D Size | P Size | AREG | BREG | CREG | DREG | ADREG | MREG | PREG | 
+------------+------------------+--------+--------+--------+--------+--------+------+------+------+------+-------+------+------+
|FIR_COS     | ((A'*B)')'       | 30     | 4      | -      | -      | 0      | 1    | 0    | -    | -    | -     | 1    | 1    | 
|FIR_COS     | (PCIN+(A''*B)')' | 0      | 0      | -      | -      | 0      | 2    | 0    | -    | -    | -     | 1    | 1    | 
|FIR_COS     | (PCIN+(A''*B)')' | 0      | 0      | -      | -      | 0      | 2    | 0    | -    | -    | -     | 1    | 1    | 
|FIR_COS     | (PCIN+(A''*B)')' | 0      | 0      | -      | -      | 0      | 2    | 0    | -    | -    | -     | 1    | 1    | 
|FIR_COS     | (PCIN+(A''*B)')' | 0      | 0      | -      | -      | 0      | 2    | 0    | -    | -    | -     | 1    | 1    | 
|FIR_COS     | (PCIN+(A''*B)')' | 0      | 0      | -      | -      | 0      | 2    | 0    | -    | -    | -     | 1    | 1    | 
|FIR_COS     | (PCIN+(A''*B)')' | 0      | 0      | -      | -      | 0      | 2    | 0    | -    | -    | -     | 1    | 1    | 
|FIR_COS     | (PCIN+(A''*B)')' | 0      | 0      | -      | -      | 16     | 2    | 0    | -    | -    | -     | 1    | 1    | 
+------------+------------------+--------+--------+--------+--------+--------+------+------+------+------+-------+------+------+


Report BlackBoxes: 
+------+--------------+----------+
|      |BlackBox name |Instances |
+------+--------------+----------+
|1     |ila_0         |         1|
+------+--------------+----------+

Report Cell Usage: 
+------+-----------+------+
|      |Cell       |Count |
+------+-----------+------+
|1     |ila        |     1|
|2     |BUFG       |     3|
|3     |CARRY4     |    11|
|4     |DSP48E1    |     8|
|6     |LUT1       |     3|
|7     |LUT2       |    35|
|8     |LUT3       |    13|
|9     |LUT4       |    27|
|10    |LUT5       |    13|
|11    |LUT6       |    16|
|12    |MMCME2_ADV |     1|
|13    |MUXF7      |     3|
|14    |FDRE       |   134|
|15    |FDSE       |     5|
|16    |IBUF       |     4|
|17    |OBUF       |    16|
+------+-----------+------+
---------------------------------------------------------------------------------
Finished Writing Synthesis Report : Time (s): cpu = 00:00:21 ; elapsed = 00:00:22 . Memory (MB): peak = 1456.676 ; gain = 564.402
---------------------------------------------------------------------------------
Synthesis finished with 0 errors, 0 critical warnings and 1 warnings.
Synthesis Optimization Runtime : Time (s): cpu = 00:00:15 ; elapsed = 00:00:21 . Memory (MB): peak = 1456.676 ; gain = 507.766
Synthesis Optimization Complete : Time (s): cpu = 00:00:21 ; elapsed = 00:00:23 . Memory (MB): peak = 1456.676 ; gain = 564.402
INFO: [Project 1-571] Translating synthesized netlist
Netlist sorting complete. Time (s): cpu = 00:00:00 ; elapsed = 00:00:00.004 . Memory (MB): peak = 1456.676 ; gain = 0.000
INFO: [Netlist 29-17] Analyzing 23 Unisim elements for replacement
INFO: [Netlist 29-28] Unisim Transformation completed in 0 CPU seconds
INFO: [Project 1-570] Preparing netlist for logic optimization
INFO: [Opt 31-138] Pushed 0 inverter(s) to 0 load pin(s).
Netlist sorting complete. Time (s): cpu = 00:00:00 ; elapsed = 00:00:00 . Memory (MB): peak = 1456.676 ; gain = 0.000
INFO: [Project 1-111] Unisim Transformation Summary:
No Unisim elements were transformed.

Synth Design complete | Checksum: e960cf84
INFO: [Common 17-83] Releasing license: Synthesis
66 Infos, 7 Warnings, 0 Critical Warnings and 0 Errors encountered.
synth_design completed successfully
synth_design: Time (s): cpu = 00:00:23 ; elapsed = 00:00:31 . Memory (MB): peak = 1456.676 ; gain = 946.141
INFO: [Common 17-1381] The checkpoint 'C:/Users/james/ETS/Hiver_2024/ELE739/ELE739-Projet_3/Projet_3/Projet_3.runs/synth_1/DUT_Exp.dcp' has been generated.
INFO: [runtcl-4] Executing : report_utilization -file DUT_Exp_utilization_synth.rpt -pb DUT_Exp_utilization_synth.pb
INFO: [Common 17-206] Exiting Vivado at Sat Mar 23 20:22:30 2024...
